[debug] [2024-07-21T02:07:23.738Z] ----------------------------------------------------------------------
[debug] [2024-07-21T02:07:23.743Z] Command:       C:\Program Files\nodejs\node.exe C:\Users\SONY\AppData\Roaming\npm\node_modules\firebase-tools\lib\bin\firebase.js init
[debug] [2024-07-21T02:07:23.744Z] CLI Version:   13.13.3
[debug] [2024-07-21T02:07:23.745Z] Platform:      win32
[debug] [2024-07-21T02:07:23.745Z] Node Version:  v22.4.1
[debug] [2024-07-21T02:07:23.746Z] Time:          Sat Jul 20 2024 21:07:23 GMT-0500 (hora estándar de Perú)
[debug] [2024-07-21T02:07:23.746Z] ----------------------------------------------------------------------
[debug] 
[debug] [2024-07-21T02:07:23.884Z] > command requires scopes: ["email","openid","https://www.googleapis.com/auth/cloudplatformprojects.readonly","https://www.googleapis.com/auth/firebase","https://www.googleapis.com/auth/cloud-platform"]
[debug] [2024-07-21T02:07:23.884Z] > authorizing via signed-in user (diego.tejada2006@gmail.com)
[info] 
     ######## #### ########  ######## ########     ###     ######  ########
     ##        ##  ##     ## ##       ##     ##  ##   ##  ##       ##
     ######    ##  ########  ######   ########  #########  ######  ######
     ##        ##  ##    ##  ##       ##     ## ##     ##       ## ##
     ##       #### ##     ## ######## ########  ##     ##  ######  ########

You're about to initialize a Firebase project in this directory:

  C:\Users\SONY

Before we get started, keep in mind:

  * You are initializing within an existing Firebase project directory

[debug] [2024-07-21T02:07:36.243Z] Error: Timed out.
    at Timeout._onTimeout (C:\Users\SONY\AppData\Roaming\npm\node_modules\firebase-tools\lib\utils.js:268:49)
    at listOnTimeout (node:internal/timers:581:17)
    at process.processTimers (node:internal/timers:519:7)
[error] 
[error] Error: An unexpected error has occurred.
